<?xml version="1.0" encoding="UTF-8"?>
<!-- Generated by org.testng.reporters.JUnitXMLReporter -->
<testsuite ignored="5" hostname="WKWZThVUFqJpvKz" failures="0" tests="45" name="Test" time="154.319" errors="0" timestamp="2022-11-22T18:48:10 IST">
  <testcase classname="AutomateAllClasses.Task7" name="Task7A" time="13.677"/>
  <testcase classname="AutomateAllClasses.BrowserCommands" name="BrowserCommandsA" time="13.059"/>
  <testcase classname="AutomateAllClasses.GetSocialIcons" name="GetSocialIconsA" time="3.781"/>
  <testcase classname="AutomateAllClasses.HandleAlert" name="HandleAlertA" time="4.701"/>
  <testcase classname="AutomateAllClasses.DragAndDropExample" name="DragAndDropExampleA" time="8.277"/>
  <testcase classname="AutomateAllClasses.MyFirstTestNGtest7" name="test1" time="0.002"/>
  <testcase classname="AutomateAllClasses.MyFirstTestNGtest7" name="test2" time="0.002"/>
  <testcase classname="AutomateAllClasses.AssignmentDay1" name="AssisgmentDay1auto" time="32.655"/>
  <testcase classname="AutomateAllClasses.HandleAutoSuggestions" name="HandleAutoSuggestionsA" time="24.985"/>
  <testcase classname="AutomateAllClasses.MyFirstTestNGtest5" name="test2" time="0.001"/>
  <testcase classname="AutomateAllClasses.MyFirstTestNGtest5" name="test2" time="0.001"/>
  <testcase classname="AutomateAllClasses.MyFirstTestNGtest5" name="test2" time="0.001"/>
  <testcase classname="AutomateAllClasses.MyFirstTestNGtest5" name="test2" time="0.001"/>
  <testcase classname="AutomateAllClasses.MyFirstTestNGtest5" name="test2" time="0.002"/>
  <testcase classname="AutomateAllClasses.MyFirstTestNGtest5" name="test2" time="0.001"/>
  <testcase classname="AutomateAllClasses.MyFirstTestNGtest5" name="test2" time="0.001"/>
  <testcase classname="AutomateAllClasses.MyFirstTestNGtest5" name="test2" time="0.001"/>
  <testcase classname="AutomateAllClasses.MyFirstTestNGtest5" name="test2" time="0.001"/>
  <testcase classname="AutomateAllClasses.MyFirstTestNGtest5" name="test2" time="0.001"/>
  <testcase classname="AutomateAllClasses.MyFirstTestNGtest4" name="logOutApplication" time="0.001"/>
  <testcase classname="AutomateAllClasses.MyFirstTestNGtest4" name="login" time="0.001"/>
  <testcase classname="AutomateAllClasses.MyFirstTestNGtest4" name="createAccount" time="0.001"/>
  <testcase classname="AutomateAllClasses.MyFirstTestNGtest4" name="deleteAccount" time="0.0"/>
  <testcase classname="AutomateAllClasses.MyFirstTestNGtest3" name="deleteAccount" time="0.001"/>
  <testcase classname="AutomateAllClasses.MyFirstTestNGtest3" name="logOutApplication" time="0.001"/>
  <testcase classname="AutomateAllClasses.MyFirstTestNGtest3" name="login" time="0.001"/>
  <testcase classname="AutomateAllClasses.MyFirstTestNGtest3" name="createAccount" time="0.001"/>
  <testcase classname="AutomateAllClasses.MyFirstTestNGtest2" name="createAccount" time="0.002"/>
  <testcase classname="AutomateAllClasses.MyFirstTestNGtest2" name="deleteAccount" time="0.0"/>
  <testcase classname="AutomateAllClasses.MyFirstTestNGtest2" name="logOutApplication" time="0.001"/>
  <testcase classname="AutomateAllClasses.MyFirstTestNGtest2" name="login" time="0.0"/>
  <testcase classname="AutomateAllClasses.MyFirstTestNGtest" name="test1" time="0.0"/>
  <testcase classname="AutomateAllClasses.MyFirstTestNGtest" name="test2" time="0.001"/>
  <testcase classname="AutomateAllClasses.MyFirstTestNGtest" name="test3" time="0.001"/>
  <testcase classname="AutomateAllClasses.ActionClassExamples" name="actionClass" time="5.094"/>
  <testcase classname="AutomateAllClasses.LoginTest" name="invalidPassword" time="0.099"/>
  <testcase classname="AutomateAllClasses.LoginTest" name="invalidUsername" time="0.058"/>
  <testcase classname="AutomateAllClasses.LoginTest" name="invalidUsernameandPassword" time="0.711"/>
  <testcase classname="AutomateAllClasses.LoginTest" name="validUsernameandPassword" time="3.124"/>
  <testcase classname="AutomateAllClasses.ExplicitWait" name="ExplicitWaitA" time="23.098"/>
  <testcase classname="AutomateAllClasses.HandleMultipleWindow" name="HandleMultipleWindowA" time="5.255"/>
  <testcase classname="AutomateAllClasses.SameTestMultipleTimes" name="test2" time="0.0"/>
  <testcase classname="AutomateAllClasses.AssertionDemo" name="test5" time="0.001"/>
  <testcase classname="AutomateAllClasses.AssertionDemo" name="test6" time="0.001"/>
  <testcase classname="AutomateAllClasses.AssertionDemo" name="test7" time="0.001"/>
  <testcase classname="AutomateAllClasses.AssertionDemo" name="test1" time="0.0">
    <ignored/>
  </testcase> <!-- test1 -->
  <testcase classname="AutomateAllClasses.AssertionDemo" name="test2" time="0.0">
    <ignored/>
  </testcase> <!-- test2 -->
  <testcase classname="AutomateAllClasses.SameTestMultipleTimes" name="test1" time="0.0">
    <ignored/>
  </testcase> <!-- test1 -->
  <testcase classname="AutomateAllClasses.AssertionDemo" name="test3" time="0.0">
    <ignored/>
  </testcase> <!-- test3 -->
  <testcase classname="AutomateAllClasses.AssertionDemo" name="test4" time="0.0">
    <ignored/>
  </testcase> <!-- test4 -->
</testsuite> <!-- Test -->
