<?xml version="1.0" encoding="UTF-8"?>
<!-- Generated by org.testng.reporters.JUnitXMLReporter -->
<testsuite ignored="0" hostname="WKWZThVUFqJpvKz" failures="0" tests="5" name="Test1" time="65.3" errors="0" timestamp="2022-11-22T18:53:30 IST">
  <testcase classname="AutomateAllClasses.Task7" name="Task7A" time="18.481"/>
  <testcase classname="AutomateAllClasses.BrowserCommands" name="BrowserCommandsA" time="30.04"/>
  <testcase classname="AutomateAllClasses.GetSocialIcons" name="GetSocialIconsA" time="4.023"/>
  <testcase classname="AutomateAllClasses.HandleAlert" name="HandleAlertA" time="5.094"/>
  <testcase classname="AutomateAllClasses.DragAndDropExample" name="DragAndDropExampleA" time="7.624"/>
</testsuite> <!-- Test1 -->
