<?xml version="1.0" encoding="UTF-8"?>
<!-- Generated by org.testng.reporters.JUnitXMLReporter -->
<testsuite ignored="5" hostname="WKWZThVUFqJpvKz" failures="0" tests="11" name="Test3" time="57.124" errors="0" timestamp="2022-11-22T18:53:21 IST">
  <testcase classname="AutomateAllClasses.ActionClassExamples" name="actionClass" time="9.648"/>
  <testcase classname="AutomateAllClasses.LoginTest" name="invalidPassword" time="0.109"/>
  <testcase classname="AutomateAllClasses.LoginTest" name="invalidUsername" time="0.063"/>
  <testcase classname="AutomateAllClasses.LoginTest" name="invalidUsernameandPassword" time="0.713"/>
  <testcase classname="AutomateAllClasses.LoginTest" name="validUsernameandPassword" time="3.316"/>
  <testcase classname="AutomateAllClasses.ExplicitWait" name="ExplicitWaitA" time="22.051"/>
  <testcase classname="AutomateAllClasses.HandleMultipleWindow" name="HandleMultipleWindowA" time="5.059"/>
  <testcase classname="AutomateAllClasses.SameTestMultipleTimes" name="test2" time="0.0"/>
  <testcase classname="AutomateAllClasses.AssertionDemo" name="test5" time="0.0"/>
  <testcase classname="AutomateAllClasses.AssertionDemo" name="test6" time="0.001"/>
  <testcase classname="AutomateAllClasses.AssertionDemo" name="test7" time="0.0"/>
  <testcase classname="AutomateAllClasses.AssertionDemo" name="test1" time="0.0">
    <ignored/>
  </testcase> <!-- test1 -->
  <testcase classname="AutomateAllClasses.AssertionDemo" name="test2" time="0.0">
    <ignored/>
  </testcase> <!-- test2 -->
  <testcase classname="AutomateAllClasses.SameTestMultipleTimes" name="test1" time="0.0">
    <ignored/>
  </testcase> <!-- test1 -->
  <testcase classname="AutomateAllClasses.AssertionDemo" name="test3" time="0.0">
    <ignored/>
  </testcase> <!-- test3 -->
  <testcase classname="AutomateAllClasses.AssertionDemo" name="test4" time="0.0">
    <ignored/>
  </testcase> <!-- test4 -->
</testsuite> <!-- Test3 -->
