<?xml version="1.0" encoding="UTF-8"?>
<!-- Generated by org.testng.reporters.JUnitXMLReporter -->
<testsuite ignored="0" hostname="WKWZThVUFqJpvKz" failures="0" tests="29" name="Test2" time="48.508" errors="0" timestamp="2022-11-22T18:53:13 IST">
  <testcase classname="AutomateAllClasses.MyFirstTestNGtest4" name="logOutApplication" time="0.007"/>
  <testcase classname="AutomateAllClasses.AssignmentDay1" name="AssisgmentDay1auto" time="38.458"/>
  <testcase classname="AutomateAllClasses.HandleAutoSuggestions" name="HandleAutoSuggestionsA" time="9.939"/>
  <testcase classname="AutomateAllClasses.MyFirstTestNGtest2" name="createAccount" time="0.002"/>
  <testcase classname="AutomateAllClasses.MyFirstTestNGtest3" name="deleteAccount" time="0.001"/>
  <testcase classname="AutomateAllClasses.MyFirstTestNGtest2" name="deleteAccount" time="0.0"/>
  <testcase classname="AutomateAllClasses.MyFirstTestNGtest3" name="logOutApplication" time="0.002"/>
  <testcase classname="AutomateAllClasses.MyFirstTestNGtest2" name="logOutApplication" time="0.001"/>
  <testcase classname="AutomateAllClasses.MyFirstTestNGtest2" name="login" time="0.001"/>
  <testcase classname="AutomateAllClasses.MyFirstTestNGtest7" name="test1" time="0.002"/>
  <testcase classname="AutomateAllClasses.MyFirstTestNGtest" name="test1" time="0.002"/>
  <testcase classname="AutomateAllClasses.MyFirstTestNGtest7" name="test2" time="0.001"/>
  <testcase classname="AutomateAllClasses.MyFirstTestNGtest5" name="test2" time="0.001"/>
  <testcase classname="AutomateAllClasses.MyFirstTestNGtest5" name="test2" time="0.0"/>
  <testcase classname="AutomateAllClasses.MyFirstTestNGtest5" name="test2" time="0.002"/>
  <testcase classname="AutomateAllClasses.MyFirstTestNGtest5" name="test2" time="0.0"/>
  <testcase classname="AutomateAllClasses.MyFirstTestNGtest5" name="test2" time="0.001"/>
  <testcase classname="AutomateAllClasses.MyFirstTestNGtest5" name="test2" time="0.0"/>
  <testcase classname="AutomateAllClasses.MyFirstTestNGtest5" name="test2" time="0.0"/>
  <testcase classname="AutomateAllClasses.MyFirstTestNGtest5" name="test2" time="0.001"/>
  <testcase classname="AutomateAllClasses.MyFirstTestNGtest5" name="test2" time="0.001"/>
  <testcase classname="AutomateAllClasses.MyFirstTestNGtest5" name="test2" time="0.001"/>
  <testcase classname="AutomateAllClasses.MyFirstTestNGtest" name="test2" time="0.002"/>
  <testcase classname="AutomateAllClasses.MyFirstTestNGtest" name="test3" time="0.001"/>
  <testcase classname="AutomateAllClasses.MyFirstTestNGtest4" name="login" time="0.002"/>
  <testcase classname="AutomateAllClasses.MyFirstTestNGtest3" name="login" time="0.002"/>
  <testcase classname="AutomateAllClasses.MyFirstTestNGtest4" name="createAccount" time="0.001"/>
  <testcase classname="AutomateAllClasses.MyFirstTestNGtest3" name="createAccount" time="0.001"/>
  <testcase classname="AutomateAllClasses.MyFirstTestNGtest4" name="deleteAccount" time="0.001"/>
</testsuite> <!-- Test2 -->
