<?xml version="1.0" encoding="UTF-8"?>
<testng-results ignored="0" total="1" passed="1" failed="0" skipped="0">
  <reporter-output>
  </reporter-output>
  <suite started-at="2022-11-24T20:14:16 IST" name="Default suite" finished-at="2022-11-24T20:14:16 IST" duration-ms="50">
    <groups>
    </groups>
    <test started-at="2022-11-24T20:14:16 IST" name="Default test" finished-at="2022-11-24T20:14:16 IST" duration-ms="50">
      <class name="day4.WriteExcel">
        <test-method signature="testData()[pri:0, instance:day4.WriteExcel@3b6ddd1d]" started-at="2022-11-24T20:14:16 IST" name="testData" finished-at="2022-11-24T20:14:16 IST" duration-ms="24" status="PASS">
          <reporter-output>
          </reporter-output>
        </test-method> <!-- testData -->
      </class> <!-- day4.WriteExcel -->
    </test> <!-- Default test -->
  </suite> <!-- Default suite -->
</testng-results>
